<?xml version="1.0" encoding="UTF-8"?>
<!-- Generated by org.testng.reporters.JUnitReportReporter -->
<testsuite hostname="DESKTOP-601D2VQ" failures="0" tests="10" name="alsafer.Test1" time="36.566" errors="0" timestamp="2024-02-07T14:53:14 EET" skipped="9">
  <testcase classname="alsafer.Test1" name="HotelTabSwitch" time="36.566"/>
  <system-out/>
  <testcase classname="alsafer.Test1" name="switchToHotelTab">
    <skipped/>
  </testcase> <!-- switchToHotelTab -->
  <system-out/>
  <testcase classname="alsafer.Test1" name="ontatnuber">
    <skipped/>
  </testcase> <!-- ontatnuber -->
  <system-out/>
  <testcase classname="alsafer.Test1" name="lnag">
    <skipped/>
  </testcase> <!-- lnag -->
  <system-out/>
  <testcase classname="alsafer.Test1" name="logo">
    <skipped/>
  </testcase> <!-- logo -->
  <system-out/>
  <testcase classname="alsafer.Test1" name="tedtlangouge">
    <skipped/>
  </testcase> <!-- tedtlangouge -->
  <system-out/>
  <testcase classname="alsafer.Test1" name="date">
    <skipped/>
  </testcase> <!-- date -->
  <system-out/>
  <testcase classname="alsafer.Test1" name="hrane">
    <skipped/>
  </testcase> <!-- hrane -->
  <system-out/>
  <testcase classname="alsafer.Test1" name="hotelseletd">
    <skipped/>
  </testcase> <!-- hotelseletd -->
  <system-out/>
  <testcase classname="alsafer.Test1" name="lnagandhotel">
    <skipped/>
  </testcase> <!-- lnagandhotel -->
  <system-out/>
</testsuite> <!-- alsafer.Test1 -->
